# JRE version: OpenJDK Runtime Environment Temurin-23.0.2+7 (23.0.2+7) (build 23.0.2+7)
# Java VM: OpenJDK 64-Bit Server VM Temurin-23.0.2+7 (23.0.2+7, mixed mode, sharing, tiered, compressed oops, compressed class ptrs, g1 gc, windows-amd64)
GC Precious Log:
 CardTable entry size: 512
 Card Set container configuration: InlinePtr #cards 5 size 8 Array Of Cards #cards 10 size 36 Howl #buckets 4 coarsen threshold 1843 Howl Bitmap #cards 512 size 80 coarsen threshold 460 Card regions per heap region 1 cards per card region 2048
 CPUs: 4 total, 4 available
 Memory: 3526M
 Large Page Support: Disabled
 NUMA Support: Disabled
 Compressed Oops: Enabled (32-bit)
 Heap Region Size: 1M
 Heap Min Capacity: 8M
 Heap Initial Capacity: 56M
 Heap Max Capacity: 882M
 Pre-touch: Disabled
 Parallel Workers: 4
 Concurrent Workers: 1
 Concurrent Refinement Workers: 4
 Periodic GC: Disabled
Heap:
 garbage-first heap   total reserved 903168K, committed 63488K, used 51276K [0x00000000c8e00000, 0x0000000100000000)
  region size 1024K, 18 young (18432K), 1 survivors (1024K)
 Metaspace       used 67959K, committed 68736K, reserved 1114112K
  class space    used 9088K, committed 9408K, reserved 1048576K
GC Heap History (20 events):
Event: 46.768 GC heap before
{Heap before GC invocations=12 (full 0):
 garbage-first heap   total reserved 903168K, committed 55296K, used 46521K [0x00000000c8e00000, 0x0000000100000000)
  region size 1024K, 23 young (23552K), 2 survivors (2048K)
 Metaspace       used 47214K, committed 47744K, reserved 1114112K
  class space    used 6382K, committed 6592K, reserved 1048576K
}
Event: 46.778 GC heap after
{Heap after GC invocations=13 (full 0):
 garbage-first heap   total reserved 903168K, committed 55296K, used 26634K [0x00000000c8e00000, 0x0000000100000000)
  region size 1024K, 2 young (2048K), 2 survivors (2048K)
 Metaspace       used 47214K, committed 47744K, reserved 1114112K
  class space    used 6382K, committed 6592K, reserved 1048576K
}
Event: 49.588 GC heap before
{Heap before GC invocations=13 (full 0):
 garbage-first heap   total reserved 903168K, committed 55296K, used 47114K [0x00000000c8e00000, 0x0000000100000000)
  region size 1024K, 23 young (23552K), 2 survivors (2048K)
 Metaspace       used 52497K, committed 53056K, reserved 1114112K
  class space    used 7171K, committed 7360K, reserved 1048576K
}
Event: 49.593 GC heap after
{Heap after GC invocations=14 (full 0):
 garbage-first heap   total reserved 903168K, committed 55296K, used 28020K [0x00000000c8e00000, 0x0000000100000000)
  region size 1024K, 3 young (3072K), 3 survivors (3072K)
 Metaspace       used 52497K, committed 53056K, reserved 1114112K
  class space    used 7171K, committed 7360K, reserved 1048576K
}
Event: 54.268 GC heap before
{Heap before GC invocations=15 (full 0):
 garbage-first heap   total reserved 903168K, committed 55296K, used 47476K [0x00000000c8e00000, 0x0000000100000000)
  region size 1024K, 22 young (22528K), 3 survivors (3072K)
 Metaspace       used 55218K, committed 55872K, reserved 1114112K
  class space    used 7561K, committed 7872K, reserved 1048576K
}
Event: 54.282 GC heap after
{Heap after GC invocations=16 (full 0):
 garbage-first heap   total reserved 903168K, committed 55296K, used 29781K [0x00000000c8e00000, 0x0000000100000000)
  region size 1024K, 3 young (3072K), 3 survivors (3072K)
 Metaspace       used 55218K, committed 55872K, reserved 1114112K
  class space    used 7561K, committed 7872K, reserved 1048576K
}
Event: 56.750 GC heap before
{Heap before GC invocations=16 (full 0):
 garbage-first heap   total reserved 903168K, committed 55296K, used 47189K [0x00000000c8e00000, 0x0000000100000000)
  region size 1024K, 20 young (20480K), 3 survivors (3072K)
 Metaspace       used 57744K, committed 58432K, reserved 1114112K
  class space    used 7893K, committed 8192K, reserved 1048576K
}
Event: 56.759 GC heap after
{Heap after GC invocations=17 (full 0):
 garbage-first heap   total reserved 903168K, committed 55296K, used 31410K [0x00000000c8e00000, 0x0000000100000000)
  region size 1024K, 2 young (2048K), 2 survivors (2048K)
 Metaspace       used 57744K, committed 58432K, reserved 1114112K
  class space    used 7893K, committed 8192K, reserved 1048576K
}
Event: 61.474 GC heap before
{Heap before GC invocations=17 (full 0):
 garbage-first heap   total reserved 903168K, committed 55296K, used 48818K [0x00000000c8e00000, 0x0000000100000000)
  region size 1024K, 19 young (19456K), 2 survivors (2048K)
 Metaspace       used 60262K, committed 60992K, reserved 1114112K
  class space    used 8235K, committed 8576K, reserved 1048576K
}
Event: 61.483 GC heap after
{Heap after GC invocations=18 (full 0):
 garbage-first heap   total reserved 903168K, committed 55296K, used 33014K [0x00000000c8e00000, 0x0000000100000000)
  region size 1024K, 2 young (2048K), 2 survivors (2048K)
 Metaspace       used 60262K, committed 60992K, reserved 1114112K
  class space    used 8235K, committed 8576K, reserved 1048576K
}
Event: 68.548 GC heap before
{Heap before GC invocations=19 (full 0):
 garbage-first heap   total reserved 903168K, committed 56320K, used 48374K [0x00000000c8e00000, 0x0000000100000000)
  region size 1024K, 17 young (17408K), 2 survivors (2048K)
 Metaspace       used 63264K, committed 63936K, reserved 1114112K
  class space    used 8587K, committed 8896K, reserved 1048576K
}
Event: 68.617 GC heap after
{Heap after GC invocations=20 (full 0):
 garbage-first heap   total reserved 903168K, committed 56320K, used 35467K [0x00000000c8e00000, 0x0000000100000000)
  region size 1024K, 3 young (3072K), 3 survivors (3072K)
 Metaspace       used 63264K, committed 63936K, reserved 1114112K
  class space    used 8587K, committed 8896K, reserved 1048576K
}
Event: 74.253 GC heap before
{Heap before GC invocations=20 (full 0):
 garbage-first heap   total reserved 903168K, committed 56320K, used 48779K [0x00000000c8e00000, 0x0000000100000000)
  region size 1024K, 16 young (16384K), 3 survivors (3072K)
 Metaspace       used 66601K, committed 67264K, reserved 1114112K
  class space    used 9063K, committed 9344K, reserved 1048576K
}
Event: 74.271 GC heap after
{Heap after GC invocations=21 (full 0):
 garbage-first heap   total reserved 903168K, committed 56320K, used 36203K [0x00000000c8e00000, 0x0000000100000000)
  region size 1024K, 2 young (2048K), 2 survivors (2048K)
 Metaspace       used 66601K, committed 67264K, reserved 1114112K
  class space    used 9063K, committed 9344K, reserved 1048576K
}
Event: 237.485 GC heap before
{Heap before GC invocations=21 (full 0):
 garbage-first heap   total reserved 903168K, committed 56320K, used 47467K [0x00000000c8e00000, 0x0000000100000000)
  region size 1024K, 14 young (14336K), 2 survivors (2048K)
 Metaspace       used 67120K, committed 67840K, reserved 1114112K
  class space    used 9082K, committed 9408K, reserved 1048576K
}
Event: 237.551 GC heap after
{Heap after GC invocations=22 (full 0):
 garbage-first heap   total reserved 903168K, committed 56320K, used 36362K [0x00000000c8e00000, 0x0000000100000000)
  region size 1024K, 2 young (2048K), 2 survivors (2048K)
 Metaspace       used 67120K, committed 67840K, reserved 1114112K
  class space    used 9082K, committed 9408K, reserved 1048576K
}
Event: 393.352 GC heap before
{Heap before GC invocations=23 (full 0):
 garbage-first heap   total reserved 903168K, committed 63488K, used 48650K [0x00000000c8e00000, 0x0000000100000000)
  region size 1024K, 14 young (14336K), 2 survivors (2048K)
 Metaspace       used 67422K, committed 68096K, reserved 1114112K
  class space    used 9082K, committed 9408K, reserved 1048576K
}
Event: 393.430 GC heap after
{Heap after GC invocations=24 (full 0):
 garbage-first heap   total reserved 903168K, committed 63488K, used 36161K [0x00000000c8e00000, 0x0000000100000000)
  region size 1024K, 1 young (1024K), 1 survivors (1024K)
 Metaspace       used 67422K, committed 68096K, reserved 1114112K
  class space    used 9082K, committed 9408K, reserved 1048576K
}
Event: 653.301 GC heap before
{Heap before GC invocations=24 (full 0):
 garbage-first heap   total reserved 903168K, committed 63488K, used 56641K [0x00000000c8e00000, 0x0000000100000000)
  region size 1024K, 22 young (22528K), 1 survivors (1024K)
 Metaspace       used 67766K, committed 68544K, reserved 1114112K
  class space    used 9085K, committed 9408K, reserved 1048576K
}
Event: 653.455 GC heap after
{Heap after GC invocations=25 (full 0):
 garbage-first heap   total reserved 903168K, committed 63488K, used 35916K [0x00000000c8e00000, 0x0000000100000000)
  region size 1024K, 1 young (1024K), 1 survivors (1024K)
 Metaspace       used 67766K, committed 68544K, reserved 1114112K
  class space    used 9085K, committed 9408K, reserved 1048576K
}

