# JRE version: OpenJDK Runtime Environment Temurin-21.0.8+9 (21.0.8+9) (build 21.0.8+9-LTS)
# Java VM: OpenJDK 64-Bit Server VM Temurin-21.0.8+9 (21.0.8+9-LTS, mixed mode, sharing, tiered, compressed oops, compressed class ptrs, parallel gc, windows-amd64)
GC Precious Log:
 CardTable entry size: 512
 CPUs: 4 total, 4 available
 Memory: 3526M
 Large Page Support: Disabled
 NUMA Support: Disabled
 Compressed Oops: Enabled (32-bit)
 Alignments: Space 512K, Generation 512K, Heap 2M
 Heap Min Capacity: 100M
 Heap Initial Capacity: 100M
 Heap Max Capacity: 2G
 Pre-touch: Disabled
 Parallel Workers: 4
Heap:
 PSYoungGen      total 6144K, used 2306K [0x00000000d5580000, 0x00000000d5c80000, 0x0000000100000000)
  eden space 5120K, 32% used [0x00000000d5580000,0x00000000d571b6c0,0x00000000d5a80000)
  from space 1024K, 64% used [0x00000000d5b80000,0x00000000d5c25200,0x00000000d5c80000)
  to   space 1024K, 0% used [0x00000000d5a80000,0x00000000d5a80000,0x00000000d5b80000)
 ParOldGen       total 1332224K, used 1331824K [0x0000000080000000, 0x00000000d1500000, 0x00000000d5580000)
  object space 1332224K, 99% used [0x0000000080000000,0x00000000d149c390,0x00000000d1500000)
 Metaspace       used 78338K, committed 80064K, reserved 1179648K
  class space    used 7839K, committed 8640K, reserved 1048576K
GC Heap History (20 events):
Event: 2787.009 GC heap before
{Heap before GC invocations=1322 (full 4):
 PSYoungGen      total 6656K, used 6298K [0x00000000d5580000, 0x00000000d5f80000, 0x0000000100000000)
  eden space 3584K, 96% used [0x00000000d5580000,0x00000000d58de900,0x00000000d5900000)
  from space 3072K, 92% used [0x00000000d5900000,0x00000000d5bc8000,0x00000000d5c00000)
  to   space 3072K, 0% used [0x00000000d5c80000,0x00000000d5c80000,0x00000000d5f80000)
 ParOldGen       total 1317376K, used 1317082K [0x0000000080000000, 0x00000000d0680000, 0x00000000d5580000)
  object space 1317376K, 99% used [0x0000000080000000,0x00000000d0636888,0x00000000d0680000)
 Metaspace       used 78310K, committed 80064K, reserved 1179648K
  class space    used 7837K, committed 8640K, reserved 1048576K
}
Event: 2787.020 GC heap after
{Heap after GC invocations=1322 (full 4):
 PSYoungGen      total 3584K, used 3072K [0x00000000d5580000, 0x00000000d6700000, 0x0000000100000000)
  eden space 512K, 0% used [0x00000000d5580000,0x00000000d5580000,0x00000000d5600000)
  from space 3072K, 100% used [0x00000000d5c80000,0x00000000d5f80000,0x00000000d5f80000)
  to   space 6656K, 0% used [0x00000000d5600000,0x00000000d5600000,0x00000000d5c80000)
 ParOldGen       total 1319936K, used 1319882K [0x0000000080000000, 0x00000000d0900000, 0x00000000d5580000)
  object space 1319936K, 99% used [0x0000000080000000,0x00000000d08f2888,0x00000000d0900000)
 Metaspace       used 78310K, committed 80064K, reserved 1179648K
  class space    used 7837K, committed 8640K, reserved 1048576K
}
Event: 2787.023 GC heap before
{Heap before GC invocations=1323 (full 4):
 PSYoungGen      total 3584K, used 3584K [0x00000000d5580000, 0x00000000d6700000, 0x0000000100000000)
  eden space 512K, 100% used [0x00000000d5580000,0x00000000d5600000,0x00000000d5600000)
  from space 3072K, 100% used [0x00000000d5c80000,0x00000000d5f80000,0x00000000d5f80000)
  to   space 6656K, 0% used [0x00000000d5600000,0x00000000d5600000,0x00000000d5c80000)
 ParOldGen       total 1319936K, used 1319882K [0x0000000080000000, 0x00000000d0900000, 0x00000000d5580000)
  object space 1319936K, 99% used [0x0000000080000000,0x00000000d08f2888,0x00000000d0900000)
 Metaspace       used 78310K, committed 80064K, reserved 1179648K
  class space    used 7837K, committed 8640K, reserved 1048576K
}
Event: 2787.030 GC heap after
{Heap after GC invocations=1323 (full 4):
 PSYoungGen      total 1024K, used 432K [0x00000000d5580000, 0x00000000d5d00000, 0x0000000100000000)
  eden space 512K, 0% used [0x00000000d5580000,0x00000000d5580000,0x00000000d5600000)
  from space 512K, 84% used [0x00000000d5600000,0x00000000d566c000,0x00000000d5680000)
  to   space 2560K, 0% used [0x00000000d5a80000,0x00000000d5a80000,0x00000000d5d00000)
 ParOldGen       total 1323008K, used 1322946K [0x0000000080000000, 0x00000000d0c00000, 0x00000000d5580000)
  object space 1323008K, 99% used [0x0000000080000000,0x00000000d0bf0888,0x00000000d0c00000)
 Metaspace       used 78310K, committed 80064K, reserved 1179648K
  class space    used 7837K, committed 8640K, reserved 1048576K
}
Event: 2787.037 GC heap before
{Heap before GC invocations=1324 (full 4):
 PSYoungGen      total 1024K, used 944K [0x00000000d5580000, 0x00000000d5d00000, 0x0000000100000000)
  eden space 512K, 100% used [0x00000000d5580000,0x00000000d5600000,0x00000000d5600000)
  from space 512K, 84% used [0x00000000d5600000,0x00000000d566c000,0x00000000d5680000)
  to   space 2560K, 0% used [0x00000000d5a80000,0x00000000d5a80000,0x00000000d5d00000)
 ParOldGen       total 1323008K, used 1322946K [0x0000000080000000, 0x00000000d0c00000, 0x00000000d5580000)
  object space 1323008K, 99% used [0x0000000080000000,0x00000000d0bf0888,0x00000000d0c00000)
 Metaspace       used 78310K, committed 80064K, reserved 1179648K
  class space    used 7837K, committed 8640K, reserved 1048576K
}
Event: 2787.041 GC heap after
{Heap after GC invocations=1324 (full 4):
 PSYoungGen      total 1536K, used 224K [0x00000000d5580000, 0x00000000d5b00000, 0x0000000100000000)
  eden space 1024K, 0% used [0x00000000d5580000,0x00000000d5580000,0x00000000d5680000)
  from space 512K, 43% used [0x00000000d5a80000,0x00000000d5ab8000,0x00000000d5b00000)
  to   space 1024K, 0% used [0x00000000d5900000,0x00000000d5900000,0x00000000d5a00000)
 ParOldGen       total 1323520K, used 1323322K [0x0000000080000000, 0x00000000d0c80000, 0x00000000d5580000)
  object space 1323520K, 99% used [0x0000000080000000,0x00000000d0c4e888,0x00000000d0c80000)
 Metaspace       used 78310K, committed 80064K, reserved 1179648K
  class space    used 7837K, committed 8640K, reserved 1048576K
}
Event: 2787.056 GC heap before
{Heap before GC invocations=1325 (full 4):
 PSYoungGen      total 1536K, used 1248K [0x00000000d5580000, 0x00000000d5b00000, 0x0000000100000000)
  eden space 1024K, 100% used [0x00000000d5580000,0x00000000d5680000,0x00000000d5680000)
  from space 512K, 43% used [0x00000000d5a80000,0x00000000d5ab8000,0x00000000d5b00000)
  to   space 1024K, 0% used [0x00000000d5900000,0x00000000d5900000,0x00000000d5a00000)
 ParOldGen       total 1324544K, used 1323994K [0x0000000080000000, 0x00000000d0d80000, 0x00000000d5580000)
  object space 1324544K, 99% used [0x0000000080000000,0x00000000d0cf6888,0x00000000d0d80000)
 Metaspace       used 78310K, committed 80064K, reserved 1179648K
  class space    used 7837K, committed 8640K, reserved 1048576K
}
Event: 2787.064 GC heap after
{Heap after GC invocations=1325 (full 4):
 PSYoungGen      total 2560K, used 624K [0x00000000d5580000, 0x00000000d5b00000, 0x0000000100000000)
  eden space 1536K, 0% used [0x00000000d5580000,0x00000000d5580000,0x00000000d5700000)
  from space 1024K, 60% used [0x00000000d5900000,0x00000000d599c010,0x00000000d5a00000)
  to   space 1024K, 0% used [0x00000000d5a00000,0x00000000d5a00000,0x00000000d5b00000)
 ParOldGen       total 1324544K, used 1324170K [0x0000000080000000, 0x00000000d0d80000, 0x00000000d5580000)
  object space 1324544K, 99% used [0x0000000080000000,0x00000000d0d22888,0x00000000d0d80000)
 Metaspace       used 78310K, committed 80064K, reserved 1179648K
  class space    used 7837K, committed 8640K, reserved 1048576K
}
Event: 2787.070 GC heap before
{Heap before GC invocations=1326 (full 4):
 PSYoungGen      total 2560K, used 2141K [0x00000000d5580000, 0x00000000d5b00000, 0x0000000100000000)
  eden space 1536K, 98% used [0x00000000d5580000,0x00000000d56fb768,0x00000000d5700000)
  from space 1024K, 60% used [0x00000000d5900000,0x00000000d599c010,0x00000000d5a00000)
  to   space 1024K, 0% used [0x00000000d5a00000,0x00000000d5a00000,0x00000000d5b00000)
 ParOldGen       total 1324544K, used 1324170K [0x0000000080000000, 0x00000000d0d80000, 0x00000000d5580000)
  object space 1324544K, 99% used [0x0000000080000000,0x00000000d0d22888,0x00000000d0d80000)
 Metaspace       used 78310K, committed 80064K, reserved 1179648K
  class space    used 7837K, committed 8640K, reserved 1048576K
}
Event: 2787.075 GC heap after
{Heap after GC invocations=1326 (full 4):
 PSYoungGen      total 3072K, used 931K [0x00000000d5580000, 0x00000000d5b00000, 0x0000000100000000)
  eden space 2048K, 0% used [0x00000000d5580000,0x00000000d5580000,0x00000000d5780000)
  from space 1024K, 90% used [0x00000000d5a00000,0x00000000d5ae8e60,0x00000000d5b00000)
  to   space 1024K, 0% used [0x00000000d5900000,0x00000000d5900000,0x00000000d5a00000)
 ParOldGen       total 1325056K, used 1324931K [0x0000000080000000, 0x00000000d0e00000, 0x00000000d5580000)
  object space 1325056K, 99% used [0x0000000080000000,0x00000000d0de0c48,0x00000000d0e00000)
 Metaspace       used 78310K, committed 80064K, reserved 1179648K
  class space    used 7837K, committed 8640K, reserved 1048576K
}
Event: 2787.091 GC heap before
{Heap before GC invocations=1327 (full 4):
 PSYoungGen      total 3072K, used 2933K [0x00000000d5580000, 0x00000000d5b00000, 0x0000000100000000)
  eden space 2048K, 97% used [0x00000000d5580000,0x00000000d5774670,0x00000000d5780000)
  from space 1024K, 90% used [0x00000000d5a00000,0x00000000d5ae8e60,0x00000000d5b00000)
  to   space 1024K, 0% used [0x00000000d5900000,0x00000000d5900000,0x00000000d5a00000)
 ParOldGen       total 1325056K, used 1324931K [0x0000000080000000, 0x00000000d0e00000, 0x00000000d5580000)
  object space 1325056K, 99% used [0x0000000080000000,0x00000000d0de0c48,0x00000000d0e00000)
 Metaspace       used 78310K, committed 80064K, reserved 1179648K
  class space    used 7837K, committed 8640K, reserved 1048576K
}
Event: 2787.100 GC heap after
{Heap after GC invocations=1327 (full 4):
 PSYoungGen      total 3584K, used 1001K [0x00000000d5580000, 0x00000000d5f00000, 0x0000000100000000)
  eden space 2560K, 0% used [0x00000000d5580000,0x00000000d5580000,0x00000000d5800000)
  from space 1024K, 97% used [0x00000000d5900000,0x00000000d59fa7d8,0x00000000d5a00000)
  to   space 3584K, 0% used [0x00000000d5b80000,0x00000000d5b80000,0x00000000d5f00000)
 ParOldGen       total 1327104K, used 1326814K [0x0000000080000000, 0x00000000d1000000, 0x00000000d5580000)
  object space 1327104K, 99% used [0x0000000080000000,0x00000000d0fb7820,0x00000000d1000000)
 Metaspace       used 78310K, committed 80064K, reserved 1179648K
  class space    used 7837K, committed 8640K, reserved 1048576K
}
Event: 2787.115 GC heap before
{Heap before GC invocations=1328 (full 4):
 PSYoungGen      total 3584K, used 3540K [0x00000000d5580000, 0x00000000d5f00000, 0x0000000100000000)
  eden space 2560K, 99% used [0x00000000d5580000,0x00000000d57faaf0,0x00000000d5800000)
  from space 1024K, 97% used [0x00000000d5900000,0x00000000d59fa7d8,0x00000000d5a00000)
  to   space 3584K, 0% used [0x00000000d5b80000,0x00000000d5b80000,0x00000000d5f00000)
 ParOldGen       total 1327104K, used 1326814K [0x0000000080000000, 0x00000000d1000000, 0x00000000d5580000)
  object space 1327104K, 99% used [0x0000000080000000,0x00000000d0fb7820,0x00000000d1000000)
 Metaspace       used 78310K, committed 80064K, reserved 1179648K
  class space    used 7837K, committed 8640K, reserved 1048576K
}
Event: 2787.121 GC heap after
{Heap after GC invocations=1328 (full 4):
 PSYoungGen      total 6144K, used 2588K [0x00000000d5580000, 0x00000000d5e80000, 0x0000000100000000)
  eden space 3072K, 0% used [0x00000000d5580000,0x00000000d5580000,0x00000000d5880000)
  from space 3072K, 84% used [0x00000000d5b80000,0x00000000d5e073d8,0x00000000d5e80000)
  to   space 3072K, 0% used [0x00000000d5880000,0x00000000d5880000,0x00000000d5b80000)
 ParOldGen       total 1328128K, used 1327831K [0x0000000080000000, 0x00000000d1100000, 0x00000000d5580000)
  object space 1328128K, 99% used [0x0000000080000000,0x00000000d10b5ff8,0x00000000d1100000)
 Metaspace       used 78310K, committed 80064K, reserved 1179648K
  class space    used 7837K, committed 8640K, reserved 1048576K
}
Event: 2787.207 GC heap before
{Heap before GC invocations=1329 (full 4):
 PSYoungGen      total 6144K, used 5660K [0x00000000d5580000, 0x00000000d5e80000, 0x0000000100000000)
  eden space 3072K, 100% used [0x00000000d5580000,0x00000000d5880000,0x00000000d5880000)
  from space 3072K, 84% used [0x00000000d5b80000,0x00000000d5e073d8,0x00000000d5e80000)
  to   space 3072K, 0% used [0x00000000d5880000,0x00000000d5880000,0x00000000d5b80000)
 ParOldGen       total 1328128K, used 1327831K [0x0000000080000000, 0x00000000d1100000, 0x00000000d5580000)
  object space 1328128K, 99% used [0x0000000080000000,0x00000000d10b5ff8,0x00000000d1100000)
 Metaspace       used 78312K, committed 80064K, reserved 1179648K
  class space    used 7837K, committed 8640K, reserved 1048576K
}
Event: 2787.217 GC heap after
{Heap after GC invocations=1329 (full 4):
 PSYoungGen      total 6144K, used 1414K [0x00000000d5580000, 0x00000000d5d80000, 0x0000000100000000)
  eden space 3072K, 0% used [0x00000000d5580000,0x00000000d5580000,0x00000000d5880000)
  from space 3072K, 46% used [0x00000000d5880000,0x00000000d59e18d0,0x00000000d5b80000)
  to   space 2048K, 0% used [0x00000000d5b80000,0x00000000d5b80000,0x00000000d5d80000)
 ParOldGen       total 1330688K, used 1330323K [0x0000000080000000, 0x00000000d1380000, 0x00000000d5580000)
  object space 1330688K, 99% used [0x0000000080000000,0x00000000d1324da0,0x00000000d1380000)
 Metaspace       used 78312K, committed 80064K, reserved 1179648K
  class space    used 7837K, committed 8640K, reserved 1048576K
}
Event: 2787.537 GC heap before
{Heap before GC invocations=1330 (full 4):
 PSYoungGen      total 6144K, used 4486K [0x00000000d5580000, 0x00000000d5d80000, 0x0000000100000000)
  eden space 3072K, 100% used [0x00000000d5580000,0x00000000d5880000,0x00000000d5880000)
  from space 3072K, 46% used [0x00000000d5880000,0x00000000d59e18d0,0x00000000d5b80000)
  to   space 2048K, 0% used [0x00000000d5b80000,0x00000000d5b80000,0x00000000d5d80000)
 ParOldGen       total 1330688K, used 1330323K [0x0000000080000000, 0x00000000d1380000, 0x00000000d5580000)
  object space 1330688K, 99% used [0x0000000080000000,0x00000000d1324da0,0x00000000d1380000)
 Metaspace       used 78312K, committed 80064K, reserved 1179648K
  class space    used 7837K, committed 8640K, reserved 1048576K
}
Event: 2787.541 GC heap after
{Heap after GC invocations=1330 (full 4):
 PSYoungGen      total 5120K, used 542K [0x00000000d5580000, 0x00000000d5c80000, 0x0000000100000000)
  eden space 4096K, 0% used [0x00000000d5580000,0x00000000d5580000,0x00000000d5980000)
  from space 1024K, 53% used [0x00000000d5b80000,0x00000000d5c07b10,0x00000000d5c80000)
  to   space 1024K, 0% used [0x00000000d5a80000,0x00000000d5a80000,0x00000000d5b80000)
 ParOldGen       total 1331712K, used 1331676K [0x0000000080000000, 0x00000000d1480000, 0x00000000d5580000)
  object space 1331712K, 99% used [0x0000000080000000,0x00000000d1477190,0x00000000d1480000)
 Metaspace       used 78312K, committed 80064K, reserved 1179648K
  class space    used 7837K, committed 8640K, reserved 1048576K
}
Event: 2787.556 GC heap before
{Heap before GC invocations=1331 (full 4):
 PSYoungGen      total 5120K, used 4638K [0x00000000d5580000, 0x00000000d5c80000, 0x0000000100000000)
  eden space 4096K, 100% used [0x00000000d5580000,0x00000000d5980000,0x00000000d5980000)
  from space 1024K, 53% used [0x00000000d5b80000,0x00000000d5c07b10,0x00000000d5c80000)
  to   space 1024K, 0% used [0x00000000d5a80000,0x00000000d5a80000,0x00000000d5b80000)
 ParOldGen       total 1331712K, used 1331676K [0x0000000080000000, 0x00000000d1480000, 0x00000000d5580000)
  object space 1331712K, 99% used [0x0000000080000000,0x00000000d1477190,0x00000000d1480000)
 Metaspace       used 78313K, committed 80064K, reserved 1179648K
  class space    used 7837K, committed 8640K, reserved 1048576K
}
Event: 2787.559 GC heap after
{Heap after GC invocations=1331 (full 4):
 PSYoungGen      total 6144K, used 494K [0x00000000d5580000, 0x00000000d5c80000, 0x0000000100000000)
  eden space 5120K, 0% used [0x00000000d5580000,0x00000000d5580000,0x00000000d5a80000)
  from space 1024K, 48% used [0x00000000d5a80000,0x00000000d5afbb00,0x00000000d5b80000)
  to   space 1024K, 0% used [0x00000000d5b80000,0x00000000d5b80000,0x00000000d5c80000)
 ParOldGen       total 1332224K, used 1331816K [0x0000000080000000, 0x00000000d1500000, 0x00000000d5580000)
  object space 1332224K, 99% used [0x0000000080000000,0x00000000d149a390,0x00000000d1500000)
 Metaspace       used 78313K, committed 80064K, reserved 1179648K
  class space    used 7837K, committed 8640K, reserved 1048576K
}

