# JRE version: Java(TM) SE Runtime Environment (19.0.2+7) (build 19.0.2+7-44)
# Java VM: Java HotSpot(TM) 64-Bit Server VM (19.0.2+7-44, mixed mode, sharing, tiered, compressed oops, compressed class ptrs, g1 gc, windows-amd64)
GC Precious Log:
 CardTable entry size: 512
 Card Set container configuration: InlinePtr #cards 5 size 8 Array Of Cards #cards 12 size 40 Howl #buckets 4 coarsen threshold 1843 Howl Bitmap #cards 512 size 80 coarsen threshold 460 Card regions per heap region 1 cards per card region 2048
 CPUs: 4 total, 4 available
 Memory: 3526M
 Large Page Support: Disabled
 NUMA Support: Disabled
 Compressed Oops: Enabled (32-bit)
 Heap Region Size: 1M
 Heap Min Capacity: 8M
 Heap Initial Capacity: 56M
 Heap Max Capacity: 882M
 Pre-touch: Disabled
 Parallel Workers: 4
 Concurrent Workers: 1
 Concurrent Refinement Workers: 4
 Periodic GC: Disabled
Heap:
 garbage-first heap   total 111616K, used 54841K [0x00000000c8e00000, 0x0000000100000000)
  region size 1024K, 18 young (18432K), 8 survivors (8192K)
 Metaspace       used 26283K, committed 26624K, reserved 1114112K
  class space    used 2888K, committed 3072K, reserved 1048576K
GC Heap History (20 events):
Event: 4.507 GC heap before
{Heap before GC invocations=3 (full 0):
 garbage-first heap   total 57344K, used 36497K [0x00000000c8e00000, 0x0000000100000000)
  region size 1024K, 33 young (33792K), 3 survivors (3072K)
 Metaspace       used 15217K, committed 15488K, reserved 1114112K
  class space    used 1758K, committed 1856K, reserved 1048576K
}
Event: 4.520 GC heap after
{Heap after GC invocations=4 (full 0):
 garbage-first heap   total 57344K, used 9099K [0x00000000c8e00000, 0x0000000100000000)
  region size 1024K, 5 young (5120K), 5 survivors (5120K)
 Metaspace       used 15217K, committed 15488K, reserved 1114112K
  class space    used 1758K, committed 1856K, reserved 1048576K
}
Event: 5.792 GC heap before
{Heap before GC invocations=4 (full 0):
 garbage-first heap   total 57344K, used 37771K [0x00000000c8e00000, 0x0000000100000000)
  region size 1024K, 33 young (33792K), 5 survivors (5120K)
 Metaspace       used 15982K, committed 16256K, reserved 1114112K
  class space    used 1823K, committed 1920K, reserved 1048576K
}
Event: 5.813 GC heap after
{Heap after GC invocations=5 (full 0):
 garbage-first heap   total 57344K, used 13528K [0x00000000c8e00000, 0x0000000100000000)
  region size 1024K, 5 young (5120K), 5 survivors (5120K)
 Metaspace       used 15982K, committed 16256K, reserved 1114112K
  class space    used 1823K, committed 1920K, reserved 1048576K
}
Event: 7.043 GC heap before
{Heap before GC invocations=5 (full 0):
 garbage-first heap   total 57344K, used 40152K [0x00000000c8e00000, 0x0000000100000000)
  region size 1024K, 31 young (31744K), 5 survivors (5120K)
 Metaspace       used 16275K, committed 16512K, reserved 1114112K
  class space    used 1828K, committed 1920K, reserved 1048576K
}
Event: 7.054 GC heap after
{Heap after GC invocations=6 (full 0):
 garbage-first heap   total 57344K, used 15518K [0x00000000c8e00000, 0x0000000100000000)
  region size 1024K, 3 young (3072K), 3 survivors (3072K)
 Metaspace       used 16275K, committed 16512K, reserved 1114112K
  class space    used 1828K, committed 1920K, reserved 1048576K
}
Event: 7.623 GC heap before
{Heap before GC invocations=6 (full 0):
 garbage-first heap   total 57344K, used 41118K [0x00000000c8e00000, 0x0000000100000000)
  region size 1024K, 28 young (28672K), 3 survivors (3072K)
 Metaspace       used 16478K, committed 16704K, reserved 1114112K
  class space    used 1829K, committed 1920K, reserved 1048576K
}
Event: 7.628 GC heap after
{Heap after GC invocations=7 (full 0):
 garbage-first heap   total 57344K, used 16367K [0x00000000c8e00000, 0x0000000100000000)
  region size 1024K, 4 young (4096K), 4 survivors (4096K)
 Metaspace       used 16478K, committed 16704K, reserved 1114112K
  class space    used 1829K, committed 1920K, reserved 1048576K
}
Event: 8.335 GC heap before
{Heap before GC invocations=7 (full 0):
 garbage-first heap   total 57344K, used 40943K [0x00000000c8e00000, 0x0000000100000000)
  region size 1024K, 29 young (29696K), 4 survivors (4096K)
 Metaspace       used 16571K, committed 16768K, reserved 1114112K
  class space    used 1829K, committed 1920K, reserved 1048576K
}
Event: 8.342 GC heap after
{Heap after GC invocations=8 (full 0):
 garbage-first heap   total 57344K, used 17888K [0x00000000c8e00000, 0x0000000100000000)
  region size 1024K, 4 young (4096K), 4 survivors (4096K)
 Metaspace       used 16571K, committed 16768K, reserved 1114112K
  class space    used 1829K, committed 1920K, reserved 1048576K
}
Event: 9.254 GC heap before
{Heap before GC invocations=8 (full 0):
 garbage-first heap   total 57344K, used 41440K [0x00000000c8e00000, 0x0000000100000000)
  region size 1024K, 28 young (28672K), 4 survivors (4096K)
 Metaspace       used 17755K, committed 18048K, reserved 1114112K
  class space    used 1944K, committed 2048K, reserved 1048576K
}
Event: 9.261 GC heap after
{Heap after GC invocations=9 (full 0):
 garbage-first heap   total 57344K, used 19340K [0x00000000c8e00000, 0x0000000100000000)
  region size 1024K, 3 young (3072K), 3 survivors (3072K)
 Metaspace       used 17755K, committed 18048K, reserved 1114112K
  class space    used 1944K, committed 2048K, reserved 1048576K
}
Event: 9.290 GC heap before
{Heap before GC invocations=9 (full 0):
 garbage-first heap   total 57344K, used 27532K [0x00000000c8e00000, 0x0000000100000000)
  region size 1024K, 4 young (4096K), 3 survivors (3072K)
 Metaspace       used 17849K, committed 18112K, reserved 1114112K
  class space    used 1955K, committed 2048K, reserved 1048576K
}
Event: 9.295 GC heap after
{Heap after GC invocations=10 (full 0):
 garbage-first heap   total 57344K, used 27794K [0x00000000c8e00000, 0x0000000100000000)
  region size 1024K, 2 young (2048K), 2 survivors (2048K)
 Metaspace       used 17849K, committed 18112K, reserved 1114112K
  class space    used 1955K, committed 2048K, reserved 1048576K
}
Event: 9.920 GC heap before
{Heap before GC invocations=11 (full 0):
 garbage-first heap   total 104448K, used 97426K [0x00000000c8e00000, 0x0000000100000000)
  region size 1024K, 15 young (15360K), 2 survivors (2048K)
 Metaspace       used 18819K, committed 19136K, reserved 1114112K
  class space    used 2041K, committed 2240K, reserved 1048576K
}
Event: 9.925 GC heap after
{Heap after GC invocations=12 (full 0):
 garbage-first heap   total 104448K, used 20155K [0x00000000c8e00000, 0x0000000100000000)
  region size 1024K, 1 young (1024K), 1 survivors (1024K)
 Metaspace       used 18819K, committed 19136K, reserved 1114112K
  class space    used 2041K, committed 2240K, reserved 1048576K
}
Event: 10.416 GC heap before
{Heap before GC invocations=12 (full 0):
 garbage-first heap   total 104448K, used 25275K [0x00000000c8e00000, 0x0000000100000000)
  region size 1024K, 5 young (5120K), 1 survivors (1024K)
 Metaspace       used 20251K, committed 20608K, reserved 1114112K
  class space    used 2223K, committed 2368K, reserved 1048576K
}
Event: 10.420 GC heap after
{Heap after GC invocations=13 (full 0):
 garbage-first heap   total 104448K, used 21437K [0x00000000c8e00000, 0x0000000100000000)
  region size 1024K, 1 young (1024K), 1 survivors (1024K)
 Metaspace       used 20251K, committed 20608K, reserved 1114112K
  class space    used 2223K, committed 2368K, reserved 1048576K
}
Event: 13.609 GC heap before
{Heap before GC invocations=13 (full 0):
 garbage-first heap   total 104448K, used 92093K [0x00000000c8e00000, 0x0000000100000000)
  region size 1024K, 60 young (61440K), 1 survivors (1024K)
 Metaspace       used 26276K, committed 26624K, reserved 1114112K
  class space    used 2888K, committed 3072K, reserved 1048576K
}
Event: 13.772 GC heap after
{Heap after GC invocations=14 (full 0):
 garbage-first heap   total 111616K, used 45625K [0x00000000c8e00000, 0x0000000100000000)
  region size 1024K, 8 young (8192K), 8 survivors (8192K)
 Metaspace       used 26276K, committed 26624K, reserved 1114112K
  class space    used 2888K, committed 3072K, reserved 1048576K
}

