# JRE version: Java(TM) SE Runtime Environment (19.0.2+7) (build 19.0.2+7-44)
# Java VM: Java HotSpot(TM) 64-Bit Server VM (19.0.2+7-44, mixed mode, sharing, tiered, compressed oops, compressed class ptrs, g1 gc, windows-amd64)
GC Precious Log:
 CardTable entry size: 512
 Card Set container configuration: InlinePtr #cards 5 size 8 Array Of Cards #cards 12 size 40 Howl #buckets 4 coarsen threshold 1843 Howl Bitmap #cards 512 size 80 coarsen threshold 460 Card regions per heap region 1 cards per card region 2048
 CPUs: 4 total, 4 available
 Memory: 3526M
 Large Page Support: Disabled
 NUMA Support: Disabled
 Compressed Oops: Enabled (32-bit)
 Heap Region Size: 1M
 Heap Min Capacity: 8M
 Heap Initial Capacity: 56M
 Heap Max Capacity: 882M
 Pre-touch: Disabled
 Parallel Workers: 4
 Concurrent Workers: 1
 Concurrent Refinement Workers: 4
 Periodic GC: Disabled
Heap:
 garbage-first heap   total 57344K, used 29799K [0x00000000c8e00000, 0x0000000100000000)
  region size 1024K, 26 young (26624K), 5 survivors (5120K)
 Metaspace       used 15986K, committed 16256K, reserved 1114112K
  class space    used 1821K, committed 1920K, reserved 1048576K
GC Heap History (8 events):
Event: 3.297 GC heap before
{Heap before GC invocations=0 (full 0):
 garbage-first heap   total 57344K, used 13312K [0x00000000c8e00000, 0x0000000100000000)
  region size 1024K, 13 young (13312K), 0 survivors (0K)
 Metaspace       used 3696K, committed 3904K, reserved 1114112K
  class space    used 375K, committed 512K, reserved 1048576K
}
Event: 3.321 GC heap after
{Heap after GC invocations=1 (full 0):
 garbage-first heap   total 57344K, used 3136K [0x00000000c8e00000, 0x0000000100000000)
  region size 1024K, 2 young (2048K), 2 survivors (2048K)
 Metaspace       used 3696K, committed 3904K, reserved 1114112K
  class space    used 375K, committed 512K, reserved 1048576K
}
Event: 7.273 GC heap before
{Heap before GC invocations=1 (full 0):
 garbage-first heap   total 57344K, used 17472K [0x00000000c8e00000, 0x0000000100000000)
  region size 1024K, 16 young (16384K), 2 survivors (2048K)
 Metaspace       used 5985K, committed 6144K, reserved 1114112K
  class space    used 684K, committed 768K, reserved 1048576K
}
Event: 7.280 GC heap after
{Heap after GC invocations=2 (full 0):
 garbage-first heap   total 57344K, used 4015K [0x00000000c8e00000, 0x0000000100000000)
  region size 1024K, 1 young (1024K), 1 survivors (1024K)
 Metaspace       used 5985K, committed 6144K, reserved 1114112K
  class space    used 684K, committed 768K, reserved 1048576K
}
Event: 13.941 GC heap before
{Heap before GC invocations=2 (full 0):
 garbage-first heap   total 57344K, used 35759K [0x00000000c8e00000, 0x0000000100000000)
  region size 1024K, 33 young (33792K), 1 survivors (1024K)
 Metaspace       used 11294K, committed 11520K, reserved 1114112K
  class space    used 1323K, committed 1408K, reserved 1048576K
}
Event: 13.948 GC heap after
{Heap after GC invocations=3 (full 0):
 garbage-first heap   total 57344K, used 6017K [0x00000000c8e00000, 0x0000000100000000)
  region size 1024K, 3 young (3072K), 3 survivors (3072K)
 Metaspace       used 11294K, committed 11520K, reserved 1114112K
  class space    used 1323K, committed 1408K, reserved 1048576K
}
Event: 19.602 GC heap before
{Heap before GC invocations=3 (full 0):
 garbage-first heap   total 57344K, used 36737K [0x00000000c8e00000, 0x0000000100000000)
  region size 1024K, 33 young (33792K), 3 survivors (3072K)
 Metaspace       used 15289K, committed 15488K, reserved 1114112K
  class space    used 1757K, committed 1856K, reserved 1048576K
}
Event: 19.619 GC heap after
{Heap after GC invocations=4 (full 0):
 garbage-first heap   total 57344K, used 9319K [0x00000000c8e00000, 0x0000000100000000)
  region size 1024K, 5 young (5120K), 5 survivors (5120K)
 Metaspace       used 15289K, committed 15488K, reserved 1114112K
  class space    used 1757K, committed 1856K, reserved 1048576K
}

