# JRE version: OpenJDK Runtime Environment Temurin-23.0.2+7 (23.0.2+7) (build 23.0.2+7)
# Java VM: OpenJDK 64-Bit Server VM Temurin-23.0.2+7 (23.0.2+7, mixed mode, sharing, tiered, compressed oops, compressed class ptrs, g1 gc, windows-amd64)
GC Precious Log:
 CardTable entry size: 512
 Card Set container configuration: InlinePtr #cards 5 size 8 Array Of Cards #cards 10 size 36 Howl #buckets 4 coarsen threshold 1843 Howl Bitmap #cards 512 size 80 coarsen threshold 460 Card regions per heap region 1 cards per card region 2048
 CPUs: 4 total, 4 available
 Memory: 3526M
 Large Page Support: Disabled
 NUMA Support: Disabled
 Compressed Oops: Enabled (32-bit)
 Heap Region Size: 1M
 Heap Min Capacity: 8M
 Heap Initial Capacity: 56M
 Heap Max Capacity: 882M
 Pre-touch: Disabled
 Parallel Workers: 4
 Concurrent Workers: 1
 Concurrent Refinement Workers: 4
 Periodic GC: Disabled
Heap:
 garbage-first heap   total reserved 903168K, committed 55296K, used 43206K [0x00000000c8e00000, 0x0000000100000000)
  region size 1024K, 18 young (18432K), 3 survivors (3072K)
 Metaspace       used 54246K, committed 54848K, reserved 1114112K
  class space    used 7474K, committed 7744K, reserved 1048576K
GC Heap History (20 events):
Event: 13.689 GC heap before
{Heap before GC invocations=3 (full 0):
 garbage-first heap   total reserved 903168K, committed 57344K, used 33219K [0x00000000c8e00000, 0x0000000100000000)
  region size 1024K, 25 young (25600K), 3 survivors (3072K)
 Metaspace       used 17764K, committed 18048K, reserved 1114112K
  class space    used 2334K, committed 2432K, reserved 1048576K
}
Event: 13.699 GC heap after
{Heap after GC invocations=4 (full 0):
 garbage-first heap   total reserved 903168K, committed 57344K, used 13800K [0x00000000c8e00000, 0x0000000100000000)
  region size 1024K, 4 young (4096K), 4 survivors (4096K)
 Metaspace       used 17764K, committed 18048K, reserved 1114112K
  class space    used 2334K, committed 2432K, reserved 1048576K
}
Event: 15.421 GC heap before
{Heap before GC invocations=4 (full 0):
 garbage-first heap   total reserved 903168K, committed 57344K, used 29160K [0x00000000c8e00000, 0x0000000100000000)
  region size 1024K, 21 young (21504K), 4 survivors (4096K)
 Metaspace       used 21240K, committed 21504K, reserved 1114112K
  class space    used 2700K, committed 2816K, reserved 1048576K
}
Event: 15.430 GC heap after
{Heap after GC invocations=5 (full 0):
 garbage-first heap   total reserved 903168K, committed 57344K, used 15480K [0x00000000c8e00000, 0x0000000100000000)
  region size 1024K, 4 young (4096K), 4 survivors (4096K)
 Metaspace       used 21240K, committed 21504K, reserved 1114112K
  class space    used 2700K, committed 2816K, reserved 1048576K
}
Event: 17.808 GC heap before
{Heap before GC invocations=6 (full 0):
 garbage-first heap   total reserved 903168K, committed 55296K, used 41080K [0x00000000c8e00000, 0x0000000100000000)
  region size 1024K, 29 young (29696K), 4 survivors (4096K)
 Metaspace       used 24139K, committed 24448K, reserved 1114112K
  class space    used 3079K, committed 3264K, reserved 1048576K
}
Event: 17.819 GC heap after
{Heap after GC invocations=7 (full 0):
 garbage-first heap   total reserved 903168K, committed 55296K, used 18040K [0x00000000c8e00000, 0x0000000100000000)
  region size 1024K, 4 young (4096K), 4 survivors (4096K)
 Metaspace       used 24139K, committed 24448K, reserved 1114112K
  class space    used 3079K, committed 3264K, reserved 1048576K
}
Event: 19.318 GC heap before
{Heap before GC invocations=7 (full 0):
 garbage-first heap   total reserved 903168K, committed 55296K, used 39544K [0x00000000c8e00000, 0x0000000100000000)
  region size 1024K, 26 young (26624K), 4 survivors (4096K)
 Metaspace       used 27234K, committed 27584K, reserved 1114112K
  class space    used 3479K, committed 3648K, reserved 1048576K
}
Event: 19.331 GC heap after
{Heap after GC invocations=8 (full 0):
 garbage-first heap   total reserved 903168K, committed 55296K, used 20433K [0x00000000c8e00000, 0x0000000100000000)
  region size 1024K, 2 young (2048K), 2 survivors (2048K)
 Metaspace       used 27234K, committed 27584K, reserved 1114112K
  class space    used 3479K, committed 3648K, reserved 1048576K
}
Event: 20.731 GC heap before
{Heap before GC invocations=8 (full 0):
 garbage-first heap   total reserved 903168K, committed 55296K, used 42961K [0x00000000c8e00000, 0x0000000100000000)
  region size 1024K, 24 young (24576K), 2 survivors (2048K)
 Metaspace       used 30374K, committed 30784K, reserved 1114112K
  class space    used 3983K, committed 4160K, reserved 1048576K
}
Event: 20.741 GC heap after
{Heap after GC invocations=9 (full 0):
 garbage-first heap   total reserved 903168K, committed 55296K, used 22760K [0x00000000c8e00000, 0x0000000100000000)
  region size 1024K, 3 young (3072K), 3 survivors (3072K)
 Metaspace       used 30374K, committed 30784K, reserved 1114112K
  class space    used 3983K, committed 4160K, reserved 1048576K
}
Event: 24.506 GC heap before
{Heap before GC invocations=9 (full 0):
 garbage-first heap   total reserved 903168K, committed 55296K, used 44264K [0x00000000c8e00000, 0x0000000100000000)
  region size 1024K, 24 young (24576K), 3 survivors (3072K)
 Metaspace       used 35051K, committed 35584K, reserved 1114112K
  class space    used 4667K, committed 4928K, reserved 1048576K
}
Event: 24.517 GC heap after
{Heap after GC invocations=10 (full 0):
 garbage-first heap   total reserved 903168K, committed 55296K, used 24868K [0x00000000c8e00000, 0x0000000100000000)
  region size 1024K, 3 young (3072K), 3 survivors (3072K)
 Metaspace       used 35051K, committed 35584K, reserved 1114112K
  class space    used 4667K, committed 4928K, reserved 1048576K
}
Event: 25.724 GC heap before
{Heap before GC invocations=10 (full 0):
 garbage-first heap   total reserved 903168K, committed 55296K, used 28964K [0x00000000c8e00000, 0x0000000100000000)
  region size 1024K, 7 young (7168K), 3 survivors (3072K)
 Metaspace       used 35514K, committed 35968K, reserved 1114112K
  class space    used 4721K, committed 4928K, reserved 1048576K
}
Event: 25.729 GC heap after
{Heap after GC invocations=11 (full 0):
 garbage-first heap   total reserved 903168K, committed 55296K, used 25062K [0x00000000c8e00000, 0x0000000100000000)
  region size 1024K, 1 young (1024K), 1 survivors (1024K)
 Metaspace       used 35514K, committed 35968K, reserved 1114112K
  class space    used 4721K, committed 4928K, reserved 1048576K
}
Event: 29.400 GC heap before
{Heap before GC invocations=12 (full 0):
 garbage-first heap   total reserved 903168K, committed 55296K, used 46566K [0x00000000c8e00000, 0x0000000100000000)
  region size 1024K, 22 young (22528K), 1 survivors (1024K)
 Metaspace       used 40712K, committed 41216K, reserved 1114112K
  class space    used 5355K, committed 5568K, reserved 1048576K
}
Event: 29.403 GC heap after
{Heap after GC invocations=13 (full 0):
 garbage-first heap   total reserved 903168K, committed 55296K, used 26626K [0x00000000c8e00000, 0x0000000100000000)
  region size 1024K, 2 young (2048K), 2 survivors (2048K)
 Metaspace       used 40712K, committed 41216K, reserved 1114112K
  class space    used 5355K, committed 5568K, reserved 1048576K
}
Event: 33.669 GC heap before
{Heap before GC invocations=13 (full 0):
 garbage-first heap   total reserved 903168K, committed 55296K, used 47106K [0x00000000c8e00000, 0x0000000100000000)
  region size 1024K, 23 young (23552K), 2 survivors (2048K)
 Metaspace       used 46515K, committed 47040K, reserved 1114112K
  class space    used 6261K, committed 6528K, reserved 1048576K
}
Event: 33.677 GC heap after
{Heap after GC invocations=14 (full 0):
 garbage-first heap   total reserved 903168K, committed 55296K, used 27820K [0x00000000c8e00000, 0x0000000100000000)
  region size 1024K, 2 young (2048K), 2 survivors (2048K)
 Metaspace       used 46515K, committed 47040K, reserved 1114112K
  class space    used 6261K, committed 6528K, reserved 1048576K
}
Event: 36.203 GC heap before
{Heap before GC invocations=14 (full 0):
 garbage-first heap   total reserved 903168K, committed 55296K, used 47276K [0x00000000c8e00000, 0x0000000100000000)
  region size 1024K, 22 young (22528K), 2 survivors (2048K)
 Metaspace       used 52936K, committed 53440K, reserved 1114112K
  class space    used 7251K, committed 7488K, reserved 1048576K
}
Event: 36.231 GC heap after
{Heap after GC invocations=15 (full 0):
 garbage-first heap   total reserved 903168K, committed 55296K, used 28870K [0x00000000c8e00000, 0x0000000100000000)
  region size 1024K, 3 young (3072K), 3 survivors (3072K)
 Metaspace       used 52936K, committed 53440K, reserved 1114112K
  class space    used 7251K, committed 7488K, reserved 1048576K
}

